<?xml version="1.0" encoding="UTF-8"?>
<!-- Generated by org.testng.reporters.JUnitXMLReporter -->
<testsuite ignored="0" hostname="DESKTOP-DSNGGPE" failures="0" tests="3" name="Default test" time="14.105" errors="0" timestamp="2021-05-23T15:35:52 IST">
  <testcase classname="base.DynamicJson" name="AddBook" time="7.908"/>
  <testcase classname="base.DynamicJson" name="AddBook" time="3.121"/>
  <testcase classname="base.DynamicJson" name="AddBook" time="3.01"/>
</testsuite> <!-- Default test -->
