<?xml version="1.0" encoding="UTF-8"?>
<testng-results ignored="0" total="3" passed="3" failed="0" skipped="0">
  <reporter-output>
  </reporter-output>
  <suite started-at="2021-05-23T15:35:38 IST" name="Default suite" finished-at="2021-05-23T15:35:52 IST" duration-ms="14105">
    <groups>
    </groups>
    <test started-at="2021-05-23T15:35:38 IST" name="Default test" finished-at="2021-05-23T15:35:52 IST" duration-ms="14105">
      <class name="base.DynamicJson">
        <test-method signature="AddBook(java.lang.String)[pri:0, instance:base.DynamicJson@1649b0e6]" started-at="2021-05-23T15:35:38 IST" name="AddBook" data-provider="PlaceName" finished-at="2021-05-23T15:35:45 IST" duration-ms="7908" status="PASS">
          <params>
            <param index="0">
              <value>
                <![CDATA[Hello1]]>
              </value>
            </param>
          </params>
          <reporter-output>
          </reporter-output>
        </test-method> <!-- AddBook -->
        <test-method signature="AddBook(java.lang.String)[pri:0, instance:base.DynamicJson@1649b0e6]" started-at="2021-05-23T15:35:45 IST" name="AddBook" data-provider="PlaceName" finished-at="2021-05-23T15:35:49 IST" duration-ms="3121" status="PASS">
          <params>
            <param index="0">
              <value>
                <![CDATA[Hello2]]>
              </value>
            </param>
          </params>
          <reporter-output>
          </reporter-output>
        </test-method> <!-- AddBook -->
        <test-method signature="AddBook(java.lang.String)[pri:0, instance:base.DynamicJson@1649b0e6]" started-at="2021-05-23T15:35:49 IST" name="AddBook" data-provider="PlaceName" finished-at="2021-05-23T15:35:52 IST" duration-ms="3010" status="PASS">
          <params>
            <param index="0">
              <value>
                <![CDATA[Hello3]]>
              </value>
            </param>
          </params>
          <reporter-output>
          </reporter-output>
        </test-method> <!-- AddBook -->
      </class> <!-- base.DynamicJson -->
    </test> <!-- Default test -->
  </suite> <!-- Default suite -->
</testng-results>
